<?xml version="1.0" encoding="UTF-8" standalone="no"?><testsuite errors="0" failures="0" name="VVTA.features.search.Story" skipped="0" tests="5" time="44.39" timestamp="2023-11-23 04:34:20"><testcase classname="VVTA.features.search.Story" name="Should not be able to login"/><testcase classname="VVTA.features.search.Story" name="Should be able to add pokemon card to wish list and verify"/><testcase classname="VVTA.features.search.Story" name="User can log in with valid credentials"/><testcase classname="VVTA.features.search.Story" name="Should navigate to contact page"/><testcase classname="VVTA.features.search.Story" name="User can add product to cart and verify"/></testsuite>